<?xml version="1.0" encoding="UTF-8"?>
<testsuite xmlns:xsi="http://www.w3.org/2001/XMLSchema-instance" xsi:noNamespaceSchemaLocation="https://maven.apache.org/surefire/maven-surefire-plugin/xsd/surefire-test-report.xsd" name="ua.TQS_StackTest" time="0.065" tests="9" errors="0" skipped="0" failures="0">
  <properties>
[...]
</properties>
  <testcase name="test_SizeIsZero" classname="ua.TQS_StackTest" time="0.03"/>
  <testcase name="test_PopN" classname="ua.TQS_StackTest" time="0.002"/>
  <testcase name="test_PopElement" classname="ua.TQS_StackTest" time="0.002"/>
  <testcase name="test_Exception_PeekingEmptyStack" classname="ua.TQS_StackTest" time="0.004"/>
  <testcase name="test_Exception_PopEmptyStack" classname="ua.TQS_StackTest" time="0.001"/>
  <testcase name="test_ExceptionBouded" classname="ua.TQS_StackTest" time="0"/>
  <testcase name="test_StackIsEmpty" classname="ua.TQS_StackTest" time="0.003"/>
  <testcase name="test_NPushes" classname="ua.TQS_StackTest" time="0.006"/>
  <testcase name="test_PeekX" classname="ua.TQS_StackTest" time="0.001"/>
</testsuite>