<?xml version="1.0" encoding="UTF-8"?>
<testsuite xmlns:xsi="http://www.w3.org/2001/XMLSchema-instance" xsi:noNamespaceSchemaLocation="https://maven.apache.org/surefire/maven-surefire-plugin/xsd/surefire-test-report.xsd" name="ua.AppTest" time="0.045" tests="1" errors="1" skipped="0" failures="0">
  <properties>
[...]
</properties>
  <testcase name="shouldAnswerWithTrue" classname="ua.AppTest" time="0.037">
    <error message="Unresolved compilation problem: &#10;	The method assertTrue(boolean) is undefined for the type AppTest&#10;" type="java.lang.Error">java.lang.Error: 
Unresolved compilation problem: 
	The method assertTrue(boolean) is undefined for the type AppTest

	at ua.AppTest.shouldAnswerWithTrue(AppTest.java:21)
</error>
  </testcase>
</testsuite>